<?xml version="1.0" encoding="UTF-8"?>
<!-- Generated by org.testng.reporters.JUnitXMLReporter -->
<testsuite hostname="Ashwini-PC" ignored="0" name="Test" tests="7" failures="0" timestamp="2020-04-20T13:03:12 IST" time="0.18" errors="0">
  <testcase name="deleteTwitter" time="0.027" classname="Package2.MvnProject2.RestAPITest"/>
  <testcase name="postJira" time="0.001" classname="Package2.MvnProject2.RestAPITest"/>
  <testcase name="IOSApp" time="0.001" classname="Package2.MvnProject2.AppiumTest"/>
  <testcase name="nativeApp" time="0.001" classname="Package2.MvnProject2.AppiumTest"/>
  <testcase name="BrowserAutomation" time="0.001" classname="Package2.MvnProject2.SeleniumTest"/>
  <testcase name="elementsUI" time="0.001" classname="Package2.MvnProject2.SeleniumTest"/>
  <testcase name="m2" time="0.001" classname="Package2.MvnProject2.NewTwoTest"/>
</testsuite> <!-- Test -->
