<?xml version="1.0" encoding="UTF-8"?>
<testsuite xmlns:xsi="http://www.w3.org/2001/XMLSchema-instance" xsi:noNamespaceSchemaLocation="https://maven.apache.org/surefire/maven-surefire-plugin/xsd/surefire-test-report-3.0.xsd" version="3.0" name="TestSuite" time="2.297" tests="7" errors="0" skipped="0" failures="0">
  <properties>
[...]
</properties>
  <testcase name="deleteTwitter" classname="Package2.MvnProject2.RestAPITest" time="0.023"/>
  <testcase name="postJira" classname="Package2.MvnProject2.RestAPITest" time="0.026"/>
  <testcase name="IOSApp" classname="Package2.MvnProject2.AppiumTest" time="0.002"/>
  <testcase name="nativeApp" classname="Package2.MvnProject2.AppiumTest" time="0.004"/>
  <testcase name="BrowserAutomation" classname="Package2.MvnProject2.SeleniumTest" time="0.002"/>
  <testcase name="elementsUI" classname="Package2.MvnProject2.SeleniumTest" time="0.002"/>
  <testcase name="m2" classname="Package2.MvnProject2.NewTwoTest" time="0.002"/>
</testsuite>