<?xml version="1.0" encoding="UTF-8"?>
<testng-results skipped="0" failed="0" ignored="0" total="7" passed="7">
  <reporter-output>
  </reporter-output>
  <suite name="Suite" duration-ms="180" started-at="2020-04-20T13:03:12 IST" finished-at="2020-04-20T13:03:12 IST">
    <groups>
    </groups>
    <test name="Test" duration-ms="180" started-at="2020-04-20T13:03:12 IST" finished-at="2020-04-20T13:03:12 IST">
      <class name="Package2.MvnProject2.SeleniumTest">
        <test-method status="PASS" signature="BrowserAutomation()[pri:0, instance:Package2.MvnProject2.SeleniumTest@1f5b51f]" name="BrowserAutomation" duration-ms="1" started-at="2020-04-20T13:03:12 IST" finished-at="2020-04-20T13:03:12 IST">
          <reporter-output>
          </reporter-output>
        </test-method> <!-- BrowserAutomation -->
        <test-method status="PASS" signature="elementsUI()[pri:0, instance:Package2.MvnProject2.SeleniumTest@1f5b51f]" name="elementsUI" duration-ms="1" started-at="2020-04-20T13:03:12 IST" finished-at="2020-04-20T13:03:12 IST">
          <reporter-output>
          </reporter-output>
        </test-method> <!-- elementsUI -->
      </class> <!-- Package2.MvnProject2.SeleniumTest -->
      <class name="Package2.MvnProject2.RestAPITest">
        <test-method status="PASS" signature="deleteTwitter()[pri:0, instance:Package2.MvnProject2.RestAPITest@166e5bd]" name="deleteTwitter" duration-ms="27" started-at="2020-04-20T13:03:12 IST" finished-at="2020-04-20T13:03:12 IST">
          <reporter-output>
          </reporter-output>
        </test-method> <!-- deleteTwitter -->
        <test-method status="PASS" signature="postJira()[pri:0, instance:Package2.MvnProject2.RestAPITest@166e5bd]" name="postJira" duration-ms="1" started-at="2020-04-20T13:03:12 IST" finished-at="2020-04-20T13:03:12 IST">
          <reporter-output>
          </reporter-output>
        </test-method> <!-- postJira -->
      </class> <!-- Package2.MvnProject2.RestAPITest -->
      <class name="Package2.MvnProject2.AppiumTest">
        <test-method status="PASS" signature="IOSApp()[pri:0, instance:Package2.MvnProject2.AppiumTest@d4004b]" name="IOSApp" duration-ms="1" started-at="2020-04-20T13:03:12 IST" finished-at="2020-04-20T13:03:12 IST">
          <reporter-output>
          </reporter-output>
        </test-method> <!-- IOSApp -->
        <test-method status="PASS" signature="nativeApp()[pri:0, instance:Package2.MvnProject2.AppiumTest@d4004b]" name="nativeApp" duration-ms="1" started-at="2020-04-20T13:03:12 IST" finished-at="2020-04-20T13:03:12 IST">
          <reporter-output>
          </reporter-output>
        </test-method> <!-- nativeApp -->
      </class> <!-- Package2.MvnProject2.AppiumTest -->
      <class name="Package2.MvnProject2.NewTwoTest">
        <test-method status="PASS" signature="m2()[pri:0, instance:Package2.MvnProject2.NewTwoTest@1bbe1b6]" name="m2" duration-ms="1" started-at="2020-04-20T13:03:12 IST" finished-at="2020-04-20T13:03:12 IST">
          <reporter-output>
          </reporter-output>
        </test-method> <!-- m2 -->
      </class> <!-- Package2.MvnProject2.NewTwoTest -->
    </test> <!-- Test -->
  </suite> <!-- Suite -->
</testng-results>
